loaded emacs
loaded mvapich2/1.6-gcc+ifort
loaded emacs
loaded emacs
loaded emacs
loaded mvapich2/1.6-gcc+ifort
loaded mvapich2/1.6-gcc+ifort
loaded mvapich2/1.6-gcc+ifort
 Process           45  of           60  is alive
 Process           46  of           60  is alive
 Process           43  of           60  is alive
 Process           44  of           60  is alive
 Process           16  of           60  is alive
 Process           36  of           60  is alive
 Process           15  of           60  is alive
 Process           19  of           60  is alive
 Process           40  of           60  is alive
 Process           39  of           60  is alive
 Process           13  of           60  is alive
 Process           21  of           60  is alive
 Process           37  of           60  is alive
 Process           53  of           60  is alive
 Process           51  of           60  is alive
 Process           41  of           60  is alive
 Proc =           53 from         354 to         360
 Process           22  of           60  is alive
 Process           52  of           60  is alive
 Proc =           45 from         301 to         307
 Process           23  of           60  is alive
 Proc =           43 from         288 to         293
 Proc =           13 from          88 to          93
 Process           50  of           60  is alive
 Process           29  of           60  is alive
 Process           18  of           60  is alive
 Process           47  of           60  is alive
 Proc =           52 from         348 to         353
 Proc =           51 from         341 to         347
 Proc =           50 from         334 to         340
 Process           26  of           60  is alive
 Proc =           44 from         294 to         300
 Proc =           47 from         314 to         320
 Process           33  of           60  is alive
 Process           32  of           60  is alive
 Process           12  of           60  is alive
 Process           49  of           60  is alive
 Process           38  of           60  is alive
 Proc =           18 from         121 to         127
 Process           14  of           60  is alive
 Process           56  of           60  is alive
 Process           35  of           60  is alive
 Process           42  of           60  is alive
 Proc =           14 from          94 to         100
 Proc =           49 from         328 to         333
 Proc =           38 from         254 to         260
 Proc =           56 from         374 to         380
 Proc =           12 from          81 to          87
 Process           31  of           60  is alive
 Proc =           39 from         261 to         267
 Process           27  of           60  is alive
 Process           57  of           60  is alive
 Proc =           41 from         274 to         280
 Proc =           21 from         141 to         147
 Process            7  of           60  is alive
 Process           54  of           60  is alive
 Proc =           29 from         194 to         200
 Proc =           42 from         281 to         287
 Proc =           57 from         381 to         387
 Proc =           31 from         208 to         213
 Proc =           40 from         268 to         273
 Proc =           16 from         108 to         113
 Proc =           54 from         361 to         367
 Proc =           26 from         174 to         180
 Proc =           19 from         128 to         133
 Proc =           35 from         234 to         240
 Process           55  of           60  is alive
 Process            0  of           60  is alive
 Process           17  of           60  is alive
 Process           34  of           60  is alive
 Proc =           37 from         248 to         253
 Process           58  of           60  is alive
 Proc =           36 from         241 to         247
 Process           59  of           60  is alive
 Process            6  of           60  is alive
 Proc =           33 from         221 to         227
 Proc =           55 from         368 to         373
 Proc =           58 from         388 to         393
 Process           30  of           60  is alive
 Proc =           17 from         114 to         120
 Proc =           46 from         308 to         313
 Proc =           30 from         201 to         207
 Proc =           59 from         394 to         400
 Proc =           34 from         228 to         233
 Proc =           22 from         148 to         153
 Process            2  of           60  is alive
 Process           28  of           60  is alive
 Proc =           15 from         101 to         107
 Proc =            0 from           1 to           7
 Process           48  of           60  is alive
 Proc =           27 from         181 to         187
 Process            3  of           60  is alive
 Proc =           28 from         188 to         193
 Process           10  of           60  is alive
 Proc =           48 from         321 to         327
 Proc =            3 from          21 to          27
 Process            9  of           60  is alive
 Proc =           32 from         214 to         220
 Proc =           10 from          68 to          73
 Proc =            9 from          61 to          67
 Process            4  of           60  is alive
 Process           25  of           60  is alive
 Proc =           23 from         154 to         160
 Process            8  of           60  is alive
 Proc =            4 from          28 to          33
 Proc =            8 from          54 to          60
 Proc =           25 from         168 to         173
 Process           20  of           60  is alive
 Proc =           20 from         134 to         140
 Proc =            2 from          14 to          20
 Process            5  of           60  is alive
 Proc =            5 from          34 to          40
 Proc =            7 from          48 to          53
 Process           24  of           60  is alive
 Proc =           24 from         161 to         167
 Process            1  of           60  is alive
 Proc =            1 from           8 to          13
 Proc =            6 from          41 to          47
 Process           11  of           60  is alive
 Proc =           11 from          74 to          80
     3052000     3140000
        1428
     2568000     2608000
        1428
 D/atoms003052000.dat          
 D/atoms002568000.dat          
     2968000     3044000
        1428
 D/atoms002968000.dat          
     3220000     3264000
        1428
 D/atoms003220000.dat          
     3148000     3216000
        1428
 D/atoms003148000.dat          
     2468000     2544000
        1428
     2728000     2760000
        1428
 D/atoms002728000.dat          
 D/atoms002468000.dat          
     2684000     2720000
        1428
 D/atoms002684000.dat          
     2856000     2944000
        1428
 D/atoms002856000.dat          
     2616000     2676000
        1428
 D/atoms002616000.dat          
      712000      772000
        1428
 D/atoms000712000.dat          
 D/atoms003056000.dat          
     3452000     3512000
        1428
 D/atoms003452000.dat          
        8000       56000
        1428
 D/atoms000008000.dat          
      628000      688000
        1428
 D/atoms000628000.dat          
       68000      140000
        1428
 D/atoms000068000.dat          
     1156000     1212000
        1428
 D/atoms001156000.dat          
     1444000     1532000
        1428
 D/atoms001444000.dat          
      244000      348000
        1428
 D/atoms000244000.dat          
      356000      412000
        1428
 D/atoms000356000.dat          
      944000      992000
        1428
 D/atoms000944000.dat          
      852000      928000
        1428
      512000      616000
        1428
 D/atoms000852000.dat          
 D/atoms000512000.dat          
     1800000     1844000
        1428
     1848000     1904000
        1428
     1972000     2004000
        1428
 D/atoms001972000.dat          
     2148000     2200000
        1428
 D/atoms001800000.dat          
 D/atoms001848000.dat          
 D/atoms002148000.dat          
      152000      232000
        1428
 D/atoms000152000.dat          
     3276000     3336000
        1428
 D/atoms003276000.dat          
     1588000     1640000
        1428
     1748000     1792000
        1428
 D/atoms001748000.dat          
 D/atoms001588000.dat          
     1224000     1288000
        1428
 D/atoms001224000.dat          
     1540000     1580000
        1428
 D/atoms001540000.dat          
     1372000     1436000
        1428
 D/atoms001372000.dat          
     1648000     1696000
        1428
 D/atoms001648000.dat          
     2768000     2848000
        1428
 D/atoms002768000.dat          
     3668000     3744000
        1428
 D/atoms003668000.dat          
      420000      500000
        1428
      776000      832000
        1428
 D/atoms000420000.dat          
 D/atoms000776000.dat          
     3344000     3416000
        1428
     3580000     3652000
        1428
 D/atoms003580000.dat          
 D/atoms003344000.dat          
 D/atoms000716000.dat          
     2276000     2324000
        1428
 D/atoms002276000.dat          
     1908000     1964000
        1428
 D/atoms001908000.dat          
     3808000     3880000
        1428
 D/atoms003808000.dat          
     4004000     4084000
        1428
     4236000     4312000
        1428
     3756000     3800000
        1428
 D/atoms004004000.dat          
     4100000     4176000
        1428
     4192000     4228000
        1428
 D/atoms004236000.dat          
 D/atoms003756000.dat          
 D/atoms004100000.dat          
 D/atoms004192000.dat          
     3516000     3572000
        1428
     3908000     3988000
        1428
 D/atoms003516000.dat          
 D/atoms003908000.dat          
     2008000     2040000
        1428
 D/atoms002008000.dat          
     1708000     1740000
        1428
     1028000     1120000
        1428
 D/atoms001708000.dat          
 D/atoms001028000.dat          
     2332000     2368000
        1428
 D/atoms002332000.dat          
     2208000     2236000
        1428
     2372000     2448000
        1428
 D/atoms002372000.dat          
     2240000     2272000
        1428
 D/atoms002208000.dat          
 D/atoms002240000.dat          
     2068000     2132000
        1428
 D/atoms002068000.dat          
     1124000     1152000
        1428
     1304000     1360000
        1428
 D/atoms001124000.dat          
 D/atoms001304000.dat          
 D/atoms002572000.dat          
 D/atoms002620000.dat          
 D/atoms002972000.dat          
 D/atoms003152000.dat          
 D/atoms003224000.dat          
 D/atoms002732000.dat          
 D/atoms002688000.dat          
 D/atoms002472000.dat          
 D/atoms002860000.dat          
 D/atoms003060000.dat          
 D/atoms003456000.dat          
 D/atoms002772000.dat          
 D/atoms003584000.dat          
 D/atoms000072000.dat          
 D/atoms001448000.dat          
 D/atoms003912000.dat          
 D/atoms003672000.dat          
 D/atoms001160000.dat          
 D/atoms000632000.dat          
 D/atoms004240000.dat          
 D/atoms000012000.dat          
 D/atoms001032000.dat          
 D/atoms001376000.dat          
 D/atoms003280000.dat          
 D/atoms001804000.dat          
 D/atoms002336000.dat          
 D/atoms003760000.dat          
 D/atoms004196000.dat          
 D/atoms003348000.dat          
 D/atoms000156000.dat          
 D/atoms000780000.dat          
 D/atoms000360000.dat          
 D/atoms001544000.dat          
 D/atoms000248000.dat          
 D/atoms003812000.dat          
 D/atoms000856000.dat          
 D/atoms001228000.dat          
 D/atoms000424000.dat          
 D/atoms004008000.dat          
 D/atoms001752000.dat          
 D/atoms002280000.dat          
 D/atoms003520000.dat          
 D/atoms002012000.dat          
 D/atoms001976000.dat          
 D/atoms001912000.dat          
 D/atoms004104000.dat          
 D/atoms001652000.dat          
 D/atoms001712000.dat          
 D/atoms001592000.dat          
 D/atoms000948000.dat          
 D/atoms001308000.dat          
 D/atoms002152000.dat          
 D/atoms000516000.dat          
 D/atoms001852000.dat          
 D/atoms002376000.dat          
 D/atoms000720000.dat          
 D/atoms002576000.dat          
 D/atoms001128000.dat          
 D/atoms002212000.dat          
 D/atoms002244000.dat          
 D/atoms002072000.dat          
 D/atoms002624000.dat          
 D/atoms002976000.dat          
 D/atoms003156000.dat          
 D/atoms003228000.dat          
 D/atoms002736000.dat          
 D/atoms002692000.dat          
 D/atoms002476000.dat          
 D/atoms002864000.dat          
 D/atoms003064000.dat          
 D/atoms002776000.dat          
 D/atoms003588000.dat          
 D/atoms003460000.dat          
 D/atoms001452000.dat          
 D/atoms003916000.dat          
 D/atoms003764000.dat          
 D/atoms003676000.dat          
 D/atoms000076000.dat          
 D/atoms000016000.dat          
 D/atoms002340000.dat          
 D/atoms004244000.dat          
 D/atoms004200000.dat          
 D/atoms001232000.dat          
 D/atoms003816000.dat          
 D/atoms003284000.dat          
 D/atoms001808000.dat          
 D/atoms001164000.dat          
 D/atoms001380000.dat          
 D/atoms000160000.dat          
 D/atoms001980000.dat          
 D/atoms004012000.dat          
 D/atoms004108000.dat          
 D/atoms003352000.dat          
 D/atoms001548000.dat          
 D/atoms000252000.dat          
 D/atoms000364000.dat          
 D/atoms002016000.dat          
 D/atoms000636000.dat          
 D/atoms001756000.dat          
 D/atoms003524000.dat          
 D/atoms002284000.dat          
 D/atoms000784000.dat          
 D/atoms001036000.dat          
 D/atoms000952000.dat          
 D/atoms000428000.dat          
 D/atoms000860000.dat          
 D/atoms001916000.dat          
 D/atoms002156000.dat          
 D/atoms001716000.dat          
 D/atoms001656000.dat          
 D/atoms001596000.dat          
 D/atoms001856000.dat          
 D/atoms001312000.dat          
 D/atoms002580000.dat          
 D/atoms001132000.dat          
 D/atoms000724000.dat          
 D/atoms002380000.dat          
 D/atoms002216000.dat          
 D/atoms000520000.dat          
 D/atoms002248000.dat          
 D/atoms002076000.dat          
 D/atoms002628000.dat          
 D/atoms003160000.dat          
 D/atoms002740000.dat          
 D/atoms002980000.dat          
 D/atoms003232000.dat          
 D/atoms002696000.dat          
 D/atoms002480000.dat          
 D/atoms002868000.dat          
 D/atoms003068000.dat          
 D/atoms003592000.dat          
 D/atoms003920000.dat          
 D/atoms002780000.dat          
 D/atoms003680000.dat          
 D/atoms003768000.dat          
 D/atoms000164000.dat          
 D/atoms000080000.dat          
 D/atoms001456000.dat          
 D/atoms001236000.dat          
 D/atoms001384000.dat          
 D/atoms001812000.dat          
 D/atoms000020000.dat          
 D/atoms003464000.dat          
 D/atoms003820000.dat          
 D/atoms004016000.dat          
 D/atoms003288000.dat          
 D/atoms004248000.dat          
 D/atoms000368000.dat          
 D/atoms001168000.dat          
 D/atoms000256000.dat          
 D/atoms002344000.dat          
 D/atoms000788000.dat          
 D/atoms001984000.dat          
 D/atoms001552000.dat          
 D/atoms002020000.dat          
 D/atoms001760000.dat          
 D/atoms002288000.dat          
 D/atoms001920000.dat          
 D/atoms003528000.dat          
 D/atoms001040000.dat          
 D/atoms004204000.dat          
 D/atoms001720000.dat          
 D/atoms000864000.dat          
 D/atoms002160000.dat          
 D/atoms001660000.dat          
 D/atoms001600000.dat          
 D/atoms004112000.dat          
 D/atoms000640000.dat          
 D/atoms001316000.dat          
 D/atoms000956000.dat          
 D/atoms003356000.dat          
 D/atoms002220000.dat          
 D/atoms001860000.dat          
 D/atoms002384000.dat          
 D/atoms002252000.dat          
 D/atoms002584000.dat          
 D/atoms000728000.dat          
 D/atoms001136000.dat          
 D/atoms000432000.dat          
 D/atoms002080000.dat          
 D/atoms000524000.dat          
 D/atoms002632000.dat          
 D/atoms002744000.dat          
 D/atoms002700000.dat          
 D/atoms002484000.dat          
 D/atoms002984000.dat          
 D/atoms003164000.dat          
 D/atoms003236000.dat          
 D/atoms003596000.dat          
 D/atoms003072000.dat          
 D/atoms002872000.dat          
 D/atoms000084000.dat          
 D/atoms003772000.dat          
 D/atoms003924000.dat          
 D/atoms003684000.dat          
 D/atoms003824000.dat          
 D/atoms001388000.dat          
 D/atoms002784000.dat          
 D/atoms001460000.dat          
 D/atoms000024000.dat          
 D/atoms001240000.dat          
 D/atoms001816000.dat          
 D/atoms000168000.dat          
 D/atoms004252000.dat          
 D/atoms000260000.dat          
 D/atoms003468000.dat          
 D/atoms000372000.dat          
 D/atoms001724000.dat          
 D/atoms004020000.dat          
 D/atoms001764000.dat          
 D/atoms001556000.dat          
 D/atoms001172000.dat          
 D/atoms001044000.dat          
 D/atoms002348000.dat          
 D/atoms002292000.dat          
 D/atoms003292000.dat          
 D/atoms004116000.dat          
 D/atoms001988000.dat          
 D/atoms001924000.dat          
 D/atoms002024000.dat          
 D/atoms001664000.dat          
 D/atoms004208000.dat          
 D/atoms001320000.dat          
 D/atoms002164000.dat          
 D/atoms003532000.dat          
 D/atoms001864000.dat          
 D/atoms001604000.dat          
 D/atoms000644000.dat          
 D/atoms000868000.dat          
 D/atoms003360000.dat          
 D/atoms002224000.dat          
 D/atoms000960000.dat          
 D/atoms002588000.dat          
 D/atoms002256000.dat          
 D/atoms000792000.dat          
 D/atoms000732000.dat          
 D/atoms002388000.dat          
 D/atoms002084000.dat          
 D/atoms001140000.dat          
 D/atoms000436000.dat          
 D/atoms002636000.dat          
 D/atoms000528000.dat          
 D/atoms002748000.dat          
 D/atoms002704000.dat          
 D/atoms002988000.dat          
 D/atoms003168000.dat          
 D/atoms002488000.dat          
 D/atoms003240000.dat          
 D/atoms003600000.dat          
 D/atoms003928000.dat          
 D/atoms003776000.dat          
 D/atoms003688000.dat          
 D/atoms003076000.dat          
 D/atoms002876000.dat          
 D/atoms000088000.dat          
 D/atoms003828000.dat          
 D/atoms000028000.dat          
 D/atoms002788000.dat          
 D/atoms001820000.dat          
 D/atoms001244000.dat          
 D/atoms001392000.dat          
 D/atoms001464000.dat          
 D/atoms000264000.dat          
 D/atoms004024000.dat          
 D/atoms003472000.dat          
 D/atoms000376000.dat          
 D/atoms002352000.dat          
 D/atoms004256000.dat          
 D/atoms001728000.dat          
 D/atoms004212000.dat          
 D/atoms000172000.dat          
 D/atoms001992000.dat          
 D/atoms001560000.dat          
 D/atoms003536000.dat          
 D/atoms002028000.dat          
 D/atoms002296000.dat          
 D/atoms003296000.dat          
 D/atoms001048000.dat          
 D/atoms001176000.dat          
 D/atoms001768000.dat          
 D/atoms001928000.dat          
 D/atoms004120000.dat          
 D/atoms001324000.dat          
 D/atoms001668000.dat          
 D/atoms002168000.dat          
 D/atoms000872000.dat          
 D/atoms001608000.dat          
 D/atoms002260000.dat          
 D/atoms001868000.dat          
 D/atoms001144000.dat          
 D/atoms002592000.dat          
 D/atoms002228000.dat          
 D/atoms003364000.dat          
 D/atoms000964000.dat          
 D/atoms000648000.dat          
 D/atoms002392000.dat          
 D/atoms000440000.dat          
 D/atoms002088000.dat          
 D/atoms000736000.dat          
 D/atoms000796000.dat          
 D/atoms002752000.dat          
 D/atoms002640000.dat          
 D/atoms000532000.dat          
 D/atoms002708000.dat          
 D/atoms002992000.dat          
 D/atoms002492000.dat          
 D/atoms003244000.dat          
 D/atoms003172000.dat          
 D/atoms003932000.dat          
 D/atoms003604000.dat          
 D/atoms003080000.dat          
 D/atoms000032000.dat          
 D/atoms003780000.dat          
 D/atoms000092000.dat          
 D/atoms003692000.dat          
 D/atoms001824000.dat          
 D/atoms002880000.dat          
 D/atoms001468000.dat          
 D/atoms001248000.dat          
 D/atoms001396000.dat          
 D/atoms003832000.dat          
 D/atoms001996000.dat          
 D/atoms000380000.dat          
 D/atoms004028000.dat          
 D/atoms002356000.dat          
 D/atoms004260000.dat          
 D/atoms002792000.dat          
 D/atoms003476000.dat          
 D/atoms000176000.dat          
 D/atoms000268000.dat          
 D/atoms001732000.dat          
 D/atoms001564000.dat          
 D/atoms001052000.dat          
 D/atoms003300000.dat          
 D/atoms001612000.dat          
 D/atoms004124000.dat          
 D/atoms001672000.dat          
 D/atoms001772000.dat          
 D/atoms002264000.dat          
 D/atoms002300000.dat          
 D/atoms001328000.dat          
 D/atoms002032000.dat          
 D/atoms001932000.dat          
 D/atoms003540000.dat          
 D/atoms002172000.dat          
 D/atoms001180000.dat          
 D/atoms004216000.dat          
 D/atoms002596000.dat          
 D/atoms000876000.dat          
 D/atoms000968000.dat          
 D/atoms001872000.dat          
 D/atoms002232000.dat          
 D/atoms003368000.dat          
 D/atoms001148000.dat          
 D/atoms002396000.dat          
 D/atoms000740000.dat          
 D/atoms000444000.dat          
 D/atoms000652000.dat          
 D/atoms002756000.dat          
 D/atoms002092000.dat          
 D/atoms002644000.dat          
 D/atoms000800000.dat          
 D/atoms002712000.dat          
 D/atoms002496000.dat          
 D/atoms000536000.dat          
 D/atoms003176000.dat          
 D/atoms003248000.dat          
 D/atoms002996000.dat          
 D/atoms003608000.dat          
 D/atoms003936000.dat          
 D/atoms000036000.dat          
 D/atoms003784000.dat          
 D/atoms002000000.dat          
 D/atoms000096000.dat          
 D/atoms003696000.dat          
 D/atoms001472000.dat          
 D/atoms003084000.dat          
 D/atoms000384000.dat          
 D/atoms000272000.dat          
 D/atoms003836000.dat          
 D/atoms001400000.dat          
 D/atoms000180000.dat          
 D/atoms001252000.dat          
 D/atoms001828000.dat          
 D/atoms002884000.dat          
 D/atoms001736000.dat          
 D/atoms002360000.dat          
 D/atoms002304000.dat          
 D/atoms004032000.dat          
 D/atoms002796000.dat          
 D/atoms002036000.dat          
 D/atoms001676000.dat          
 D/atoms001616000.dat          
 D/atoms003480000.dat          
 D/atoms002268000.dat          
 D/atoms001056000.dat          
 D/atoms003304000.dat          
 D/atoms001936000.dat          
 D/atoms004128000.dat          
 D/atoms002600000.dat          
 D/atoms001776000.dat          
 D/atoms001568000.dat          
 D/atoms004264000.dat          
 D/atoms002176000.dat          
 D/atoms004220000.dat          
 D/atoms001332000.dat          
 D/atoms001876000.dat          
 D/atoms001184000.dat          
 D/atoms000880000.dat          
 D/atoms002236000.dat          
 D/atoms000972000.dat          
 D/atoms001152000.dat          
 D/atoms002400000.dat          
 D/atoms003544000.dat          
 D/atoms003372000.dat          
 D/atoms002760000.dat          
 D/atoms000448000.dat          
 D/atoms002096000.dat          
 D/atoms000656000.dat          
 D/atoms002648000.dat          
 D/atoms000744000.dat          
 D/atoms002716000.dat          
 D/atoms000804000.dat          
 D/atoms002500000.dat          
 D/atoms003180000.dat          
 D/atoms000540000.dat          
 D/atoms003252000.dat          
 D/atoms003612000.dat          
 D/atoms003000000.dat          
 D/atoms000040000.dat          
 D/atoms002004000.dat          
 D/atoms003700000.dat          
 D/atoms003788000.dat          
 D/atoms003940000.dat          
 D/atoms003088000.dat          
 D/atoms000100000.dat          
 D/atoms000276000.dat          
 D/atoms000388000.dat          
 D/atoms000184000.dat          
 D/atoms001476000.dat          
 D/atoms003840000.dat          
 D/atoms001404000.dat          
 D/atoms001256000.dat          
 D/atoms004036000.dat          
 D/atoms001832000.dat          
 D/atoms002308000.dat          
 D/atoms001680000.dat          
 D/atoms002800000.dat          
 D/atoms002888000.dat          
 D/atoms002364000.dat          
 D/atoms001620000.dat          
 D/atoms003484000.dat          
 D/atoms002272000.dat          
 D/atoms003308000.dat          
 D/atoms002040000.dat          
 D/atoms001740000.dat          
 D/atoms004132000.dat          
 D/atoms001572000.dat          
 D/atoms001780000.dat          
 D/atoms001060000.dat          
 D/atoms001940000.dat          
 D/atoms004268000.dat          
 D/atoms004224000.dat          
 D/atoms002604000.dat          
 D/atoms001188000.dat          
 D/atoms000884000.dat          
 D/atoms001336000.dat          
 D/atoms001880000.dat          
 D/atoms000976000.dat          
 D/atoms002180000.dat          
 D/atoms002404000.dat          
 D/atoms003548000.dat          
 D/atoms003376000.dat          

=====================================================================================
=   BAD TERMINATION OF ONE OF YOUR APPLICATION PROCESSES
=   EXIT CODE: 44544
=   CLEANING UP REMAINING PROCESSES
=   YOU CAN IGNORE THE BELOW CLEANUP MESSAGES
=====================================================================================
loaded emacs
loaded mvapich2/1.6-gcc+ifort
loaded emacs
loaded emacs
loaded emacs
loaded mvapich2/1.6-gcc+ifort
loaded mvapich2/1.6-gcc+ifort
loaded mvapich2/1.6-gcc+ifort
 Process           17  of           60  is alive
 Process           20  of           60  is alive
 Process           18  of           60  is alive
 Process           14  of           60  is alive
 Process           13  of           60  is alive
 Process           22  of           60  is alive
 Process           26  of           60  is alive
 Proc =           14 from          94 to         100
 Process           16  of           60  is alive
 Process           31  of           60  is alive
 Proc =           13 from          88 to          93
 Proc =           16 from         108 to         113
 Process           30  of           60  is alive
 Process           12  of           60  is alive
 Process           25  of           60  is alive
 Process           24  of           60  is alive
 Proc =           17 from         114 to         120
 Process           33  of           60  is alive
 Proc =           12 from          81 to          87
 Process           49  of           60  is alive
 Proc =           30 from         201 to         207
 Process           35  of           60  is alive
 Process           53  of           60  is alive
 Process           32  of           60  is alive
 Proc =           20 from         134 to         140
 Process           58  of           60  is alive
 Proc =           35 from         234 to         240
 Process           38  of           60  is alive
 Proc =           32 from         214 to         220
 Process           21  of           60  is alive
 Process           45  of           60  is alive
 Proc =           31 from         208 to         213
 Process           59  of           60  is alive
 Process           47  of           60  is alive
 Process           23  of           60  is alive
 Process           54  of           60  is alive
 Process           37  of           60  is alive
 Process           34  of           60  is alive
 Process           19  of           60  is alive
 Proc =           21 from         141 to         147
 Process           52  of           60  is alive
 Proc =           26 from         174 to         180
 Proc =           23 from         154 to         160
 Process           36  of           60  is alive
 Proc =           25 from         168 to         173
 Process            4  of           60  is alive
 Proc =           34 from         228 to         233
 Process           43  of           60  is alive
 Proc =           19 from         128 to         133
 Process           50  of           60  is alive
 Process           40  of           60  is alive
 Process            3  of           60  is alive
 Process           51  of           60  is alive
 Process           29  of           60  is alive
 Process           42  of           60  is alive
 Proc =           54 from         361 to         367
 Process            2  of           60  is alive
 Process            6  of           60  is alive
 Process           41  of           60  is alive
 Process           48  of           60  is alive
 Process           39  of           60  is alive
 Process            5  of           60  is alive
 Process           15  of           60  is alive
 Proc =           29 from         194 to         200
 Proc =           48 from         321 to         327
 Proc =           45 from         301 to         307
 Proc =           52 from         348 to         353
 Process           28  of           60  is alive
 Process            1  of           60  is alive
 Proc =           15 from         101 to         107
 Proc =           47 from         314 to         320
 Proc =           53 from         354 to         360
 Process            9  of           60  is alive
 Proc =           28 from         188 to         193
 Proc =           49 from         328 to         333
 Proc =           37 from         248 to         253
 Proc =            3 from          21 to          27
 Proc =           24 from         161 to         167
 Proc =           38 from         254 to         260
 Proc =           33 from         221 to         227
 Proc =            4 from          28 to          33
 Proc =           50 from         334 to         340
 Process           46  of           60  is alive
 Proc =           40 from         268 to         273
 Proc =           46 from         308 to         313
 Process           11  of           60  is alive
 Process           56  of           60  is alive
 Process           44  of           60  is alive
 Proc =           22 from         148 to         153
 Proc =            2 from          14 to          20
 Proc =           44 from         294 to         300
 Proc =           11 from          74 to          80
 Process           57  of           60  is alive
 Process           55  of           60  is alive
 Proc =           36 from         241 to         247
 Proc =           51 from         341 to         347
 Proc =           41 from         274 to         280
 Process            8  of           60  is alive
 Proc =           43 from         288 to         293
 Proc =            6 from          41 to          47
 Proc =           57 from         381 to         387
 Proc =           56 from         374 to         380
 Proc =            9 from          61 to          67
 Proc =           39 from         261 to         267
 Proc =            8 from          54 to          60
 Proc =           55 from         368 to         373
 Process           27  of           60  is alive
 Proc =           42 from         281 to         287
 Proc =           27 from         181 to         187
 Proc =            1 from           8 to          13
 Proc =           58 from         388 to         393
 Proc =            5 from          34 to          40
 Proc =           59 from         394 to         400
 Process            7  of           60  is alive
 Process           10  of           60  is alive
 Proc =            7 from          48 to          53
 Proc =           10 from          68 to          73
 Proc =           18 from         121 to         127
 Process            0  of           60  is alive
 Proc =            0 from           1 to           7
     4236000     4312000
        1428
 D/atoms004236000.dat          
     1648000     1696000
        1428
     1748000     1792000
        1428
 D/atoms001648000.dat          
 D/atoms001748000.dat          
     1588000     1640000
        1428
     1124000     1152000
        1428
 D/atoms001124000.dat          
 D/atoms001588000.dat          
     1224000     1288000
        1428
 D/atoms001224000.dat          
     1444000     1532000
        1428
        8000       56000
        1428
 D/atoms000008000.dat          
     1156000     1212000
        1428
     4192000     4228000
        1428
 D/atoms004192000.dat          
     2468000     2544000
        1428
     1372000     1436000
        1428
     3668000     3744000
        1428
 D/atoms002468000.dat          
 D/atoms001444000.dat          
 D/atoms003668000.dat          
     1028000     1120000
        1428
     3344000     3416000
        1428
     1304000     1360000
        1428
     4004000     4084000
        1428
 D/atoms001156000.dat          
 D/atoms003344000.dat          
 D/atoms001372000.dat          
 D/atoms004004000.dat          
     1540000     1580000
        1428
     3516000     3572000
        1428
 D/atoms001304000.dat          
     4100000     4176000
        1428
 D/atoms001028000.dat          
     3808000     3880000
        1428
 D/atoms001540000.dat          
 D/atoms003516000.dat          
     1848000     1904000
        1428
     1708000     1740000
        1428
     3908000     3988000
        1428
 D/atoms001708000.dat          
 D/atoms003808000.dat          
 D/atoms003908000.dat          
     1908000     1964000
        1428
 D/atoms001908000.dat          
 D/atoms004100000.dat          
     2208000     2236000
        1428
     3580000     3652000
        1428
     2240000     2272000
        1428
 D/atoms003580000.dat          
     2276000     2324000
        1428
 D/atoms002276000.dat          
     3756000     3800000
        1428
 D/atoms001848000.dat          
 D/atoms003756000.dat          
 D/atoms002208000.dat          
     3452000     3512000
        1428
 D/atoms002240000.dat          
 D/atoms003452000.dat          
      628000      688000
        1428
      152000      232000
        1428
 D/atoms000628000.dat          
 D/atoms000152000.dat          
      776000      832000
        1428
 D/atoms000776000.dat          
      944000      992000
        1428
 D/atoms000944000.dat          
      356000      412000
        1428
      244000      348000
        1428
      512000      616000
        1428
       68000      140000
        1428
 D/atoms000244000.dat          
 D/atoms000356000.dat          
 D/atoms000512000.dat          
      852000      928000
        1428
 D/atoms000068000.dat          
 D/atoms000852000.dat          
     3148000     3216000
        1428
 D/atoms003148000.dat          
     2008000     2040000
        1428
     2068000     2132000
        1428
 D/atoms002008000.dat          
 D/atoms002068000.dat          
     2148000     2200000
        1428
      420000      500000
        1428
 D/atoms000420000.dat          
     2332000     2368000
        1428
      712000      772000
        1428
 D/atoms000712000.dat          
 D/atoms002148000.dat          
 D/atoms002332000.dat          
     2372000     2448000
        1428
 D/atoms002372000.dat          
     3220000     3264000
        1428
 D/atoms003220000.dat          
     2684000     2720000
        1428
 D/atoms002684000.dat          
     2728000     2760000
        1428
     2768000     2848000
        1428
 D/atoms002768000.dat          
 D/atoms002728000.dat          
     2568000     2608000
        1428
 D/atoms002568000.dat          
     3052000     3140000
        1428
 D/atoms003052000.dat          
     2856000     2944000
        1428
 D/atoms002856000.dat          
     1800000     1844000
        1428
 D/atoms001800000.dat          
     2616000     2676000
        1428
 D/atoms002616000.dat          
     1972000     2004000
        1428
 D/atoms001972000.dat          
     2968000     3044000
        1428
 D/atoms002968000.dat          
     3276000     3336000
        1428
 D/atoms003276000.dat          
 D/atoms001228000.dat          
 D/atoms003584000.dat          
 D/atoms004008000.dat          
 D/atoms004240000.dat          
 D/atoms001160000.dat          
 D/atoms001032000.dat          
 D/atoms001752000.dat          
 D/atoms003348000.dat          
 D/atoms004196000.dat          
 D/atoms001592000.dat          
 D/atoms001376000.dat          
 D/atoms001712000.dat          
 D/atoms003672000.dat          
 D/atoms001448000.dat          
 D/atoms003812000.dat          
 D/atoms001652000.dat          
 D/atoms003760000.dat          
 D/atoms002472000.dat          
 D/atoms001544000.dat          
 D/atoms001128000.dat          
 D/atoms003912000.dat          
 D/atoms004104000.dat          
 D/atoms003520000.dat          
 D/atoms001912000.dat          
 D/atoms000012000.dat          
 D/atoms003456000.dat          
 D/atoms001308000.dat          
 D/atoms003152000.dat          
 D/atoms002280000.dat          
 D/atoms000360000.dat          
 D/atoms002732000.dat          
 D/atoms000072000.dat          
 D/atoms002772000.dat          
 D/atoms002212000.dat          
 D/atoms003224000.dat          
 D/atoms002688000.dat          
 D/atoms000156000.dat          
 D/atoms001852000.dat          
 D/atoms002152000.dat          
 D/atoms002244000.dat          
 D/atoms002376000.dat          
 D/atoms000248000.dat          
 D/atoms002072000.dat          
 D/atoms002620000.dat          
 D/atoms002572000.dat          
 D/atoms002860000.dat          
 D/atoms000856000.dat          
 D/atoms003056000.dat          
 D/atoms001804000.dat          
 D/atoms000948000.dat          
 D/atoms002012000.dat          
 D/atoms000424000.dat          
 D/atoms002336000.dat          
 D/atoms000716000.dat          
 D/atoms000632000.dat          
 D/atoms000780000.dat          
 D/atoms001976000.dat          
 D/atoms000516000.dat          
 D/atoms003280000.dat          
 D/atoms002972000.dat          
 D/atoms001232000.dat          
 D/atoms004244000.dat          
 D/atoms003588000.dat          
 D/atoms001756000.dat          
 D/atoms004012000.dat          
 D/atoms003676000.dat          
 D/atoms001036000.dat          
 D/atoms001380000.dat          
 D/atoms003764000.dat          
 D/atoms003816000.dat          
 D/atoms001596000.dat          
 D/atoms002476000.dat          
 D/atoms001548000.dat          
 D/atoms004200000.dat          
 D/atoms001452000.dat          
 D/atoms001656000.dat          
 D/atoms001164000.dat          
 D/atoms001716000.dat          
 D/atoms003352000.dat          
 D/atoms003916000.dat          
 D/atoms001132000.dat          
 D/atoms003524000.dat          
 D/atoms004108000.dat          
 D/atoms000076000.dat          
 D/atoms001916000.dat          
 D/atoms000016000.dat          
 D/atoms001312000.dat          
 D/atoms003460000.dat          
 D/atoms000160000.dat          
 D/atoms003228000.dat          
 D/atoms002284000.dat          
 D/atoms003156000.dat          
 D/atoms000364000.dat          
 D/atoms002776000.dat          
 D/atoms002624000.dat          
 D/atoms002380000.dat          
 D/atoms000252000.dat          
 D/atoms002736000.dat          
 D/atoms002156000.dat          
 D/atoms002076000.dat          
 D/atoms001856000.dat          
 D/atoms002216000.dat          
 D/atoms002248000.dat          
 D/atoms001808000.dat          
 D/atoms002864000.dat          
 D/atoms002692000.dat          
 D/atoms000428000.dat          
 D/atoms000952000.dat          
 D/atoms003060000.dat          
 D/atoms002576000.dat          
 D/atoms000860000.dat          
 D/atoms002340000.dat          
 D/atoms002016000.dat          
 D/atoms001980000.dat          
 D/atoms000636000.dat          
 D/atoms000720000.dat          
 D/atoms002976000.dat          
 D/atoms003284000.dat          
 D/atoms000520000.dat          
 D/atoms000784000.dat          
 D/atoms003592000.dat          
 D/atoms001236000.dat          
 D/atoms004016000.dat          
 D/atoms004248000.dat          
 D/atoms001600000.dat          
 D/atoms003680000.dat          
 D/atoms003768000.dat          
 D/atoms001040000.dat          
 D/atoms001168000.dat          
 D/atoms001384000.dat          
 D/atoms001720000.dat          
 D/atoms003920000.dat          
 D/atoms001760000.dat          
 D/atoms003820000.dat          
 D/atoms001456000.dat          
 D/atoms000080000.dat          
 D/atoms001660000.dat          
 D/atoms001552000.dat          
 D/atoms002480000.dat          
 D/atoms004112000.dat          
 D/atoms004204000.dat          
 D/atoms003356000.dat          
 D/atoms001136000.dat          
 D/atoms000020000.dat          
 D/atoms003528000.dat          
 D/atoms001316000.dat          
 D/atoms001920000.dat          
 D/atoms000368000.dat          
 D/atoms000164000.dat          
 D/atoms002288000.dat          
 D/atoms003160000.dat          
 D/atoms003232000.dat          
 D/atoms002220000.dat          
 D/atoms000256000.dat          
 D/atoms003464000.dat          
 D/atoms002740000.dat          
 D/atoms002160000.dat          
 D/atoms002628000.dat          
 D/atoms001812000.dat          
 D/atoms000956000.dat          
 D/atoms002384000.dat          
 D/atoms002080000.dat          
 D/atoms001860000.dat          
 D/atoms002780000.dat          
 D/atoms002696000.dat          
 D/atoms003064000.dat          
 D/atoms002020000.dat          
 D/atoms002868000.dat          
 D/atoms002580000.dat          
 D/atoms000864000.dat          
 D/atoms002252000.dat          
 D/atoms000432000.dat          
 D/atoms002344000.dat          
 D/atoms001984000.dat          
 D/atoms000724000.dat          
 D/atoms000640000.dat          
 D/atoms003288000.dat          
 D/atoms002980000.dat          
 D/atoms000788000.dat          
 D/atoms000524000.dat          
 D/atoms004252000.dat          
 D/atoms003596000.dat          
 D/atoms001604000.dat          
 D/atoms003772000.dat          
 D/atoms003684000.dat          
 D/atoms004020000.dat          
 D/atoms001172000.dat          
 D/atoms001240000.dat          
 D/atoms003924000.dat          
 D/atoms003824000.dat          
 D/atoms001044000.dat          
 D/atoms001388000.dat          
 D/atoms001764000.dat          
 D/atoms004116000.dat          
 D/atoms001556000.dat          
 D/atoms000168000.dat          
 D/atoms001460000.dat          
 D/atoms004208000.dat          
 D/atoms001664000.dat          
 D/atoms000084000.dat          
 D/atoms000372000.dat          
 D/atoms001320000.dat          
 D/atoms003360000.dat          
 D/atoms001724000.dat          
 D/atoms002484000.dat          
 D/atoms001140000.dat          
 D/atoms001924000.dat          
 D/atoms000024000.dat          
 D/atoms003532000.dat          
 D/atoms002292000.dat          
 D/atoms003164000.dat          
 D/atoms002224000.dat          
 D/atoms000260000.dat          
 D/atoms002388000.dat          
 D/atoms003236000.dat          
 D/atoms002632000.dat          
 D/atoms002744000.dat          
 D/atoms002164000.dat          
 D/atoms002784000.dat          
 D/atoms002256000.dat          
 D/atoms002872000.dat          
 D/atoms003468000.dat          
 D/atoms001864000.dat          
 D/atoms001816000.dat          
 D/atoms002084000.dat          
 D/atoms002024000.dat          
 D/atoms002700000.dat          
 D/atoms002584000.dat          
 D/atoms000960000.dat          
 D/atoms003068000.dat          
 D/atoms000868000.dat          
 D/atoms002348000.dat          
 D/atoms001988000.dat          
 D/atoms000436000.dat          
 D/atoms000728000.dat          
 D/atoms002984000.dat          
 D/atoms003292000.dat          
 D/atoms000644000.dat          
 D/atoms000792000.dat          
 D/atoms000528000.dat          
 D/atoms004256000.dat          
 D/atoms003776000.dat          
 D/atoms003600000.dat          
 D/atoms001608000.dat          
 D/atoms001176000.dat          
 D/atoms003828000.dat          
 D/atoms001244000.dat          
 D/atoms004024000.dat          
 D/atoms003688000.dat          
 D/atoms003928000.dat          
 D/atoms001048000.dat          
 D/atoms001392000.dat          
 D/atoms000088000.dat          
 D/atoms001768000.dat          
 D/atoms004212000.dat          
 D/atoms000376000.dat          
 D/atoms004120000.dat          
 D/atoms001464000.dat          
 D/atoms001560000.dat          
 D/atoms001324000.dat          
 D/atoms002488000.dat          
 D/atoms001144000.dat          
 D/atoms000172000.dat          
 D/atoms001668000.dat          
 D/atoms001728000.dat          
 D/atoms003536000.dat          
 D/atoms002228000.dat          
 D/atoms003364000.dat          
 D/atoms000028000.dat          
 D/atoms001928000.dat          
 D/atoms000264000.dat          
 D/atoms003168000.dat          
 D/atoms002748000.dat          
 D/atoms002168000.dat          
 D/atoms002636000.dat          
 D/atoms002296000.dat          
 D/atoms002392000.dat          
 D/atoms003240000.dat          
 D/atoms002876000.dat          
 D/atoms002788000.dat          
 D/atoms003472000.dat          
 D/atoms002704000.dat          
 D/atoms001868000.dat          
 D/atoms003072000.dat          
 D/atoms002588000.dat          
 D/atoms000872000.dat          
 D/atoms002088000.dat          
 D/atoms000964000.dat          
 D/atoms002260000.dat          
 D/atoms002352000.dat          
 D/atoms002028000.dat          
 D/atoms001820000.dat          
 D/atoms001992000.dat          
 D/atoms000440000.dat          
 D/atoms000732000.dat          
 D/atoms002988000.dat          
 D/atoms003296000.dat          
 D/atoms000796000.dat          
 D/atoms000648000.dat          
 D/atoms000532000.dat          
 D/atoms003780000.dat          
 D/atoms004260000.dat          
 D/atoms003604000.dat          
 D/atoms001612000.dat          
 D/atoms001248000.dat          
 D/atoms003932000.dat          
 D/atoms003692000.dat          
 D/atoms001180000.dat          
 D/atoms003832000.dat          
 D/atoms004216000.dat          
 D/atoms004028000.dat          
 D/atoms001396000.dat          
 D/atoms001052000.dat          
 D/atoms000092000.dat          
 D/atoms004124000.dat          
 D/atoms002492000.dat          
 D/atoms001772000.dat          
 D/atoms001328000.dat          
 D/atoms000176000.dat          
 D/atoms001468000.dat          
 D/atoms000380000.dat          
 D/atoms001564000.dat          
 D/atoms001732000.dat          
 D/atoms003540000.dat          
 D/atoms001672000.dat          
 D/atoms001148000.dat          
 D/atoms002232000.dat          
 D/atoms002752000.dat          
 D/atoms000032000.dat          
 D/atoms001932000.dat          
 D/atoms002172000.dat          
 D/atoms000268000.dat          
 D/atoms003244000.dat          
 D/atoms002300000.dat          
 D/atoms003172000.dat          
 D/atoms002640000.dat          
 D/atoms002396000.dat          
 D/atoms002592000.dat          
 D/atoms003368000.dat          
 D/atoms002880000.dat          
 D/atoms002708000.dat          
 D/atoms002264000.dat          
 D/atoms001872000.dat          
 D/atoms002792000.dat          
 D/atoms000876000.dat          
 D/atoms002356000.dat          
 D/atoms003076000.dat          
 D/atoms002092000.dat          
 D/atoms000968000.dat          
 D/atoms003476000.dat          
 D/atoms001824000.dat          
 D/atoms001996000.dat          
 D/atoms002032000.dat          
 D/atoms000444000.dat          
 D/atoms003300000.dat          
 D/atoms002992000.dat          
 D/atoms000736000.dat          
 D/atoms000800000.dat          
 D/atoms000652000.dat          
 D/atoms003784000.dat          
 D/atoms004264000.dat          
 D/atoms000536000.dat          
 D/atoms001252000.dat          
 D/atoms001616000.dat          
 D/atoms003608000.dat          
 D/atoms003696000.dat          
 D/atoms004220000.dat          
 D/atoms003936000.dat          
 D/atoms003836000.dat          
 D/atoms001184000.dat          
 D/atoms004032000.dat          
 D/atoms002496000.dat          
 D/atoms001400000.dat          
 D/atoms004128000.dat          
 D/atoms001056000.dat          
 D/atoms001332000.dat          
 D/atoms000180000.dat          
 D/atoms001736000.dat          
 D/atoms000096000.dat          
 D/atoms001472000.dat          
 D/atoms000384000.dat          
 D/atoms001776000.dat          
 D/atoms001152000.dat          
 D/atoms001568000.dat          
 D/atoms001676000.dat          
 D/atoms001936000.dat          
 D/atoms002756000.dat          
 D/atoms000036000.dat          
 D/atoms003544000.dat          
 D/atoms002236000.dat          
 D/atoms002176000.dat          
 D/atoms000272000.dat          
 D/atoms002304000.dat          
 D/atoms002644000.dat          
 D/atoms003248000.dat          
 D/atoms003176000.dat          
 D/atoms002400000.dat          
 D/atoms002268000.dat          
 D/atoms002884000.dat          
 D/atoms001876000.dat          
 D/atoms003372000.dat          
 D/atoms002596000.dat          
 D/atoms002712000.dat          
 D/atoms000880000.dat          
 D/atoms002000000.dat          
 D/atoms003080000.dat          
 D/atoms001828000.dat          
 D/atoms002360000.dat          
 D/atoms002796000.dat          
 D/atoms002096000.dat          
 D/atoms000972000.dat          
 D/atoms003480000.dat          
 D/atoms002036000.dat          
 D/atoms003304000.dat          
 D/atoms002996000.dat          
 D/atoms000740000.dat          
 D/atoms000448000.dat          
 D/atoms004268000.dat          
 D/atoms003788000.dat          
 D/atoms000656000.dat          
 D/atoms001256000.dat          
 D/atoms000804000.dat          
 D/atoms003612000.dat          
 D/atoms003700000.dat          
 D/atoms000540000.dat          
 D/atoms001620000.dat          
 D/atoms004036000.dat          
 D/atoms003940000.dat          
 D/atoms003840000.dat          
 D/atoms001188000.dat          
 D/atoms001476000.dat          
 D/atoms001572000.dat          
 D/atoms002500000.dat          
 D/atoms000184000.dat          
 D/atoms001060000.dat          
 D/atoms004224000.dat          
 D/atoms004132000.dat          
 D/atoms000388000.dat          

=====================================================================================
=   BAD TERMINATION OF ONE OF YOUR APPLICATION PROCESSES
=   EXIT CODE: 44544
=   CLEANING UP REMAINING PROCESSES
=   YOU CAN IGNORE THE BELOW CLEANUP MESSAGES
=====================================================================================
loaded emacs
loaded emacs
loaded emacs
loaded emacs
loaded mvapich2/1.6-gcc+ifort
loaded mvapich2/1.6-gcc+ifort
loaded mvapich2/1.6-gcc+ifort
loaded mvapich2/1.6-gcc+ifort
 Process           44  of           60  is alive
 Process           36  of           60  is alive
 Process           39  of           60  is alive
 Proc =           36 from         241 to         247
 Process            3  of           60  is alive
 Process           55  of           60  is alive
 Process           35  of           60  is alive
 Process           38  of           60  is alive
 Process           12  of           60  is alive
 Process            0  of           60  is alive
 Process           58  of           60  is alive
 Process           31  of           60  is alive
 Proc =           38 from         254 to         260
 Process           14  of           60  is alive
 Process            2  of           60  is alive
 Process           53  of           60  is alive
 Process           32  of           60  is alive
 Process           47  of           60  is alive
 Process           19  of           60  is alive
 Proc =            3 from          21 to          27
 Process           50  of           60  is alive
 Process           34  of           60  is alive
 Process           46  of           60  is alive
 Process           13  of           60  is alive
 Proc =            0 from           1 to           7
 Process           49  of           60  is alive
 Process           28  of           60  is alive
 Proc =           46 from         308 to         313
 Process           18  of           60  is alive
 Process            4  of           60  is alive
 Process           59  of           60  is alive
 Proc =           31 from         208 to         213
 Process           37  of           60  is alive
 Process           20  of           60  is alive
 Proc =            4 from          28 to          33
 Process           54  of           60  is alive
 Proc =           32 from         214 to         220
 Process           41  of           60  is alive
 Proc =           12 from          81 to          87
 Process           11  of           60  is alive
 Process           52  of           60  is alive
 Proc =           34 from         228 to         233
 Proc =           47 from         314 to         320
 Process           17  of           60  is alive
 Proc =            2 from          14 to          20
 Process           57  of           60  is alive
 Proc =           28 from         188 to         193
 Proc =           37 from         248 to         253
 Proc =           17 from         114 to         120
 Proc =           11 from          74 to          80
 Proc =           58 from         388 to         393
 Process           29  of           60  is alive
 Process           42  of           60  is alive
 Process           16  of           60  is alive
 Process            5  of           60  is alive
 Process           48  of           60  is alive
 Proc =           29 from         194 to         200
 Proc =           41 from         274 to         280
 Proc =           13 from          88 to          93
 Process            1  of           60  is alive
 Process           56  of           60  is alive
 Process           26  of           60  is alive
 Proc =           42 from         281 to         287
 Proc =           16 from         108 to         113
 Proc =            5 from          34 to          40
 Proc =           59 from         394 to         400
 Process           27  of           60  is alive
 Process           45  of           60  is alive
 Process           22  of           60  is alive
 Process            9  of           60  is alive
 Proc =           48 from         321 to         327
 Proc =           26 from         174 to         180
 Process           40  of           60  is alive
 Proc =           19 from         128 to         133
 Proc =            1 from           8 to          13
 Proc =           56 from         374 to         380
 Process           33  of           60  is alive
 Proc =           45 from         301 to         307
 Process           23  of           60  is alive
 Process            7  of           60  is alive
 Proc =           53 from         354 to         360
 Proc =           27 from         181 to         187
 Proc =           40 from         268 to         273
 Proc =           22 from         148 to         153
 Proc =            7 from          48 to          53
 Proc =           55 from         368 to         373
 Process           30  of           60  is alive
 Proc =           44 from         294 to         300
 Proc =           14 from          94 to         100
 Proc =            9 from          61 to          67
 Process           51  of           60  is alive
 Proc =           30 from         201 to         207
 Proc =           39 from         261 to         267
 Proc =           23 from         154 to         160
 Process            6  of           60  is alive
 Proc =           52 from         348 to         353
 Proc =           33 from         221 to         227
 Process           43  of           60  is alive
 Process           21  of           60  is alive
 Proc =            6 from          41 to          47
 Proc =           51 from         341 to         347
 Process           25  of           60  is alive
 Proc =           43 from         288 to         293
 Proc =           21 from         141 to         147
 Process            8  of           60  is alive
 Proc =           50 from         334 to         340
 Proc =           25 from         168 to         173
 Proc =           18 from         121 to         127
 Proc =            8 from          54 to          60
 Proc =           49 from         328 to         333
 Process           24  of           60  is alive
 Process           15  of           60  is alive
 Process           10  of           60  is alive
 Proc =           57 from         381 to         387
 Proc =           24 from         161 to         167
 Proc =           15 from         101 to         107
 Proc =           10 from          68 to          73
 Proc =           54 from         361 to         367
 Proc =           35 from         234 to         240
 Proc =           20 from         134 to         140
     3220000     3264000
        1428
 D/atoms003220000.dat          
     2468000     2544000
        1428
 D/atoms002468000.dat          
     2768000     2848000
        1428
 D/atoms002768000.dat          
     3148000     3216000
        1428
 D/atoms003148000.dat          
     2968000     3044000
        1428
 D/atoms002968000.dat          
     3908000     3988000
        1428
 D/atoms003908000.dat          
     3580000     3652000
        1428
 D/atoms003580000.dat          
     3756000     3800000
        1428
 D/atoms003756000.dat          
     3516000     3572000
        1428
 D/atoms003516000.dat          
     1444000     1532000
        1428
 D/atoms001444000.dat          
     1156000     1212000
        1428
 D/atoms001156000.dat          
     1372000     1436000
        1428
 D/atoms001372000.dat          
     1648000     1696000
        1428
 D/atoms001648000.dat          
     1028000     1120000
        1428
     1304000     1360000
        1428
 D/atoms001028000.dat          
 D/atoms001304000.dat          
     1708000     1740000
        1428
 D/atoms001708000.dat          
     1748000     1792000
        1428
 D/atoms001748000.dat          
     4004000     4084000
        1428
 D/atoms004004000.dat          
     1588000     1640000
        1428
 D/atoms001588000.dat          
     1224000     1288000
        1428
 D/atoms001224000.dat          
     1540000     1580000
        1428
     1124000     1152000
        1428
 D/atoms001540000.dat          
 D/atoms001124000.dat          
     4236000     4312000
        1428
 D/atoms004236000.dat          
     2276000     2324000
        1428
 D/atoms002276000.dat          
      152000      232000
        1428
 D/atoms000152000.dat          
      356000      412000
        1428
 D/atoms000356000.dat          
      244000      348000
        1428
 D/atoms000244000.dat          
      420000      500000
        1428
 D/atoms000420000.dat          
      852000      928000
        1428
 D/atoms000852000.dat          
     3452000     3512000
        1428
 D/atoms003452000.dat          
        8000       56000
        1428
 D/atoms000008000.dat          
      944000      992000
        1428
 D/atoms000944000.dat          
      512000      616000
        1428
 D/atoms000512000.dat          
      712000      772000
        1428
       68000      140000
        1428
      628000      688000
        1428
 D/atoms000712000.dat          
 D/atoms000068000.dat          
 D/atoms000628000.dat          
      776000      832000
        1428
 D/atoms000776000.dat          
     4192000     4228000
        1428
 D/atoms004192000.dat          
     2568000     2608000
        1428
 D/atoms002568000.dat          
     3052000     3140000
        1428
 D/atoms003052000.dat          
     1848000     1904000
        1428
 D/atoms001848000.dat          
     1972000     2004000
        1428
 D/atoms001972000.dat          
     2068000     2132000
        1428
 D/atoms002068000.dat          
     2240000     2272000
        1428
 D/atoms002240000.dat          
     2208000     2236000
        1428
 D/atoms002208000.dat          
     2148000     2200000
        1428
 D/atoms002148000.dat          
     1800000     1844000
        1428
 D/atoms001800000.dat          
     1908000     1964000
        1428
 D/atoms001908000.dat          
     2856000     2944000
        1428
 D/atoms002856000.dat          
     2616000     2676000
        1428
     3276000     3336000
        1428
 D/atoms003276000.dat          
 D/atoms002616000.dat          
     2728000     2760000
        1428
 D/atoms002728000.dat          
     3808000     3880000
        1428
 D/atoms003808000.dat          
     4100000     4176000
        1428
 D/atoms004100000.dat          
     3344000     3416000
        1428
     3668000     3744000
        1428
 D/atoms003668000.dat          
 D/atoms003344000.dat          
     2684000     2720000
        1428
     2008000     2040000
        1428
 D/atoms002684000.dat          
 D/atoms002008000.dat          
     2332000     2368000
        1428
     2372000     2448000
        1428
 D/atoms002332000.dat          
 D/atoms002372000.dat          
 D/atoms002732000.dat          
 D/atoms001128000.dat          
 D/atoms002972000.dat          
 D/atoms004008000.dat          
 D/atoms003152000.dat          
 D/atoms003224000.dat          
 D/atoms002860000.dat          
 D/atoms003912000.dat          
 D/atoms002620000.dat          
 D/atoms003280000.dat          
 D/atoms001228000.dat          
 D/atoms002772000.dat          
 D/atoms002688000.dat          
 D/atoms002472000.dat          
 D/atoms004196000.dat          
 D/atoms003520000.dat          
 D/atoms001376000.dat          
 D/atoms003584000.dat          
 D/atoms003760000.dat          
 D/atoms004104000.dat          
 D/atoms002572000.dat          
 D/atoms001160000.dat          
 D/atoms001752000.dat          
 D/atoms001592000.dat          
 D/atoms002072000.dat          
 D/atoms001652000.dat          
 D/atoms003672000.dat          
 D/atoms000856000.dat          
 D/atoms003056000.dat          
 D/atoms001032000.dat          
 D/atoms002244000.dat          
 D/atoms000360000.dat          
 D/atoms000248000.dat          
 D/atoms001912000.dat          
 D/atoms001976000.dat          
 D/atoms001852000.dat          
 D/atoms000948000.dat          
 D/atoms002212000.dat          
 D/atoms002012000.dat          
 D/atoms003348000.dat          
 D/atoms001308000.dat          
 D/atoms000424000.dat          
 D/atoms000012000.dat          
 D/atoms001448000.dat          
 D/atoms001544000.dat          
 D/atoms003456000.dat          
 D/atoms000156000.dat          
 D/atoms001804000.dat          
 D/atoms002152000.dat          
 D/atoms002280000.dat          
 D/atoms002376000.dat          
 D/atoms004240000.dat          
 D/atoms001712000.dat          
 D/atoms003812000.dat          
 D/atoms002336000.dat          
 D/atoms000072000.dat          
 D/atoms000716000.dat          
 D/atoms000632000.dat          
 D/atoms000780000.dat          
 D/atoms000516000.dat          
 D/atoms001132000.dat          
 D/atoms002736000.dat          
 D/atoms003156000.dat          
 D/atoms003916000.dat          
 D/atoms002976000.dat          
 D/atoms002476000.dat          
 D/atoms003228000.dat          
 D/atoms004012000.dat          
 D/atoms003284000.dat          
 D/atoms004200000.dat          
 D/atoms003588000.dat          
 D/atoms002624000.dat          
 D/atoms004108000.dat          
 D/atoms000860000.dat          
 D/atoms003524000.dat          
 D/atoms002864000.dat          
 D/atoms001380000.dat          
 D/atoms003764000.dat          
 D/atoms001232000.dat          
 D/atoms000364000.dat          
 D/atoms002776000.dat          
 D/atoms003676000.dat          
 D/atoms001756000.dat          
 D/atoms002576000.dat          
 D/atoms002692000.dat          
 D/atoms001164000.dat          
 D/atoms002216000.dat          
 D/atoms002076000.dat          
 D/atoms001656000.dat          
 D/atoms001916000.dat          
 D/atoms001548000.dat          
 D/atoms001856000.dat          
 D/atoms001596000.dat          
 D/atoms001036000.dat          
 D/atoms003816000.dat          
 D/atoms003060000.dat          
 D/atoms001452000.dat          
 D/atoms002156000.dat          
 D/atoms002248000.dat          
 D/atoms003460000.dat          
 D/atoms001980000.dat          
 D/atoms000252000.dat          
 D/atoms002340000.dat          
 D/atoms000016000.dat          
 D/atoms000160000.dat          
 D/atoms000952000.dat          
 D/atoms000428000.dat          
 D/atoms004244000.dat          
 D/atoms002284000.dat          
 D/atoms003352000.dat          
 D/atoms002380000.dat          
 D/atoms002016000.dat          
 D/atoms001312000.dat          
 D/atoms001716000.dat          
 D/atoms001808000.dat          
 D/atoms000076000.dat          
 D/atoms000636000.dat          
 D/atoms000720000.dat          
 D/atoms000784000.dat          
 D/atoms000520000.dat          
 D/atoms001136000.dat          
 D/atoms003920000.dat          
 D/atoms002740000.dat          
 D/atoms004204000.dat          
 D/atoms004016000.dat          
 D/atoms000368000.dat          
 D/atoms002480000.dat          
 D/atoms003592000.dat          
 D/atoms003288000.dat          
 D/atoms004112000.dat          
 D/atoms000164000.dat          
 D/atoms002980000.dat          
 D/atoms003768000.dat          
 D/atoms002628000.dat          
 D/atoms003680000.dat          
 D/atoms002868000.dat          
 D/atoms003160000.dat          
 D/atoms003528000.dat          
 D/atoms001384000.dat          
 D/atoms001236000.dat          
 D/atoms000020000.dat          
 D/atoms002220000.dat          
 D/atoms002580000.dat          
 D/atoms000864000.dat          
 D/atoms001760000.dat          
 D/atoms002080000.dat          
 D/atoms003232000.dat          
 D/atoms001168000.dat          
 D/atoms000256000.dat          
 D/atoms001456000.dat          
 D/atoms001920000.dat          
 D/atoms001660000.dat          
 D/atoms003820000.dat          
 D/atoms002780000.dat          
 D/atoms001552000.dat          
 D/atoms002696000.dat          
 D/atoms002344000.dat          
 D/atoms003064000.dat          
 D/atoms001040000.dat          
 D/atoms001860000.dat          
 D/atoms002252000.dat          
 D/atoms002160000.dat          
 D/atoms001600000.dat          
 D/atoms003356000.dat          
 D/atoms004248000.dat          
 D/atoms003464000.dat          
 D/atoms000956000.dat          
 D/atoms002288000.dat          
 D/atoms001720000.dat          
 D/atoms000080000.dat          
 D/atoms001984000.dat          
 D/atoms001316000.dat          
 D/atoms001812000.dat          
 D/atoms000724000.dat          
 D/atoms002384000.dat          
 D/atoms000432000.dat          
 D/atoms002020000.dat          
 D/atoms000524000.dat          
 D/atoms000640000.dat          
 D/atoms000788000.dat          
 D/atoms001140000.dat          
 D/atoms000372000.dat          
 D/atoms004208000.dat          
 D/atoms002744000.dat          
 D/atoms003772000.dat          
 D/atoms003924000.dat          
 D/atoms003596000.dat          
 D/atoms002632000.dat          
 D/atoms000168000.dat          
 D/atoms002484000.dat          
 D/atoms000260000.dat          
 D/atoms004116000.dat          
 D/atoms002584000.dat          
 D/atoms003292000.dat          
 D/atoms000024000.dat          
 D/atoms003532000.dat          
 D/atoms001388000.dat          
 D/atoms003164000.dat          
 D/atoms003236000.dat          
 D/atoms001240000.dat          
 D/atoms003824000.dat          
 D/atoms003684000.dat          
 D/atoms001172000.dat          
 D/atoms004020000.dat          
 D/atoms001460000.dat          
 D/atoms002224000.dat          
 D/atoms002872000.dat          
 D/atoms001556000.dat          
 D/atoms000868000.dat          
 D/atoms001664000.dat          
 D/atoms002084000.dat          
 D/atoms001924000.dat          
 D/atoms003360000.dat          
 D/atoms001764000.dat          
 D/atoms002784000.dat          
 D/atoms002984000.dat          
 D/atoms004252000.dat          
 D/atoms003068000.dat          
 D/atoms003468000.dat          
 D/atoms001604000.dat          
 D/atoms002256000.dat          
 D/atoms002348000.dat          
 D/atoms002700000.dat          
 D/atoms001044000.dat          
 D/atoms000960000.dat          
 D/atoms000084000.dat          
 D/atoms001864000.dat          
 D/atoms002292000.dat          
 D/atoms001724000.dat          
 D/atoms002164000.dat          
 D/atoms001988000.dat          
 D/atoms001816000.dat          
 D/atoms001320000.dat          
 D/atoms002388000.dat          
 D/atoms002024000.dat          
 D/atoms000728000.dat          
 D/atoms000528000.dat          
 D/atoms000792000.dat          
 D/atoms000436000.dat          
 D/atoms000644000.dat          
 D/atoms001144000.dat          
 D/atoms004212000.dat          
 D/atoms000376000.dat          
 D/atoms003600000.dat          
 D/atoms003776000.dat          
 D/atoms003928000.dat          
 D/atoms004120000.dat          
 D/atoms002748000.dat          
 D/atoms003536000.dat          
 D/atoms002636000.dat          
 D/atoms000172000.dat          
 D/atoms003828000.dat          
 D/atoms002228000.dat          
 D/atoms003168000.dat          
 D/atoms002588000.dat          
 D/atoms002488000.dat          
 D/atoms000028000.dat          
 D/atoms001176000.dat          
 D/atoms003296000.dat          
 D/atoms001244000.dat          
 D/atoms004024000.dat          
 D/atoms000264000.dat          
 D/atoms003240000.dat          
 D/atoms001464000.dat          
 D/atoms001392000.dat          
 D/atoms001560000.dat          
 D/atoms002788000.dat          
 D/atoms000088000.dat          
 D/atoms003688000.dat          
 D/atoms002088000.dat          
 D/atoms001048000.dat          
 D/atoms004256000.dat          
 D/atoms003472000.dat          
 D/atoms001768000.dat          
 D/atoms001608000.dat          
 D/atoms001928000.dat          
 D/atoms002352000.dat          
 D/atoms000964000.dat          
 D/atoms002704000.dat          
 D/atoms000872000.dat          
 D/atoms002988000.dat          
 D/atoms002296000.dat          
 D/atoms002260000.dat          
 D/atoms001668000.dat          
 D/atoms002876000.dat          
 D/atoms003364000.dat          
 D/atoms003072000.dat          
 D/atoms001868000.dat          
 D/atoms001992000.dat          
 D/atoms001728000.dat          
 D/atoms002168000.dat          
 D/atoms002028000.dat          
 D/atoms002392000.dat          
 D/atoms001324000.dat          
 D/atoms001820000.dat          
 D/atoms000532000.dat          
 D/atoms000796000.dat          
 D/atoms000440000.dat          
 D/atoms000732000.dat          
 D/atoms000648000.dat          
